<?xml version="1.0" encoding="UTF-8"?>
<!-- Generated by org.testng.reporters.JUnitReportReporter -->
<testsuite hostname="Dell" failures="0" tests="1" name="product.CreateProductTest" time="18.176" errors="0" timestamp="2023-04-19T23:23:32 IST" skipped="0">
  <testcase classname="product.CreateProductTest" name="CreateProduct" time="18.176"/>
  <system-out/>
</testsuite> <!-- product.CreateProductTest -->
