<?xml version="1.0" encoding="UTF-8"?>
<!-- Generated by org.testng.reporters.JUnitReportReporter -->
<testsuite hostname="Dell" failures="0" tests="1" name="product.CreateProductandDeleteProductTest" time="24.449" errors="0" timestamp="2023-04-19T23:23:32 IST" skipped="0">
  <testcase classname="product.CreateProductandDeleteProductTest" name="CreateProductandDeleteProduct" time="24.449"/>
  <system-out/>
</testsuite> <!-- product.CreateProductandDeleteProductTest -->
