<?xml version="1.0" encoding="UTF-8"?>
<!-- Generated by org.testng.reporters.JUnitReportReporter -->
<testsuite hostname="Dell" failures="0" tests="3" name="practice.Dataproviderusingexcel" time="0.030" errors="0" timestamp="2023-05-03T20:39:49 IST" skipped="0">
  <testcase classname="practice.Dataproviderusingexcel" name="readData" time="0.018"/>
  <system-out/>
  <testcase classname="practice.Dataproviderusingexcel" name="readData" time="0.005"/>
  <system-out/>
  <testcase classname="practice.Dataproviderusingexcel" name="readData" time="0.007"/>
  <system-out/>
</testsuite> <!-- practice.Dataproviderusingexcel -->
