<?xml version="1.0" encoding="UTF-8"?>
<!-- Generated by org.testng.reporters.JUnitReportReporter -->
<testsuite hostname="Dell" failures="0" tests="1" name="campaigns.CreateCampaignTest" time="29.810" errors="0" timestamp="2023-05-05T14:14:06 IST" skipped="0">
  <testcase classname="campaigns.CreateCampaignTest" name="CreateCampaign" time="29.810"/>
  <system-out/>
</testsuite> <!-- campaigns.CreateCampaignTest -->
