<?xml version="1.0" encoding="UTF-8"?>
<!-- Generated by org.testng.reporters.JUnitReportReporter -->
<testsuite hostname="Dell" failures="0" tests="1" name="organization.CreateOrganizationTest" time="28.114" errors="0" timestamp="2023-04-19T23:23:32 IST" skipped="0">
  <testcase classname="organization.CreateOrganizationTest" name="CreateOrganization" time="28.114"/>
  <system-out/>
</testsuite> <!-- organization.CreateOrganizationTest -->
