<?xml version="1.0" encoding="UTF-8"?>
<!-- Generated by org.testng.reporters.JUnitReportReporter -->
<testsuite hostname="Dell" failures="0" tests="3" name="practice.DataproviderExample" time="0.029" errors="0" timestamp="2023-04-14T13:22:25 IST" skipped="0">
  <testcase classname="practice.DataproviderExample" name="readData" time="0.007"/>
  <system-out/>
  <testcase classname="practice.DataproviderExample" name="readData" time="0.002"/>
  <system-out/>
  <testcase classname="practice.DataproviderExample" name="readData" time="0.020"/>
  <system-out/>
</testsuite> <!-- practice.DataproviderExample -->
