<?xml version="1.0" encoding="UTF-8"?>
<!-- Generated by org.testng.reporters.JUnitReportReporter -->
<testsuite hostname="Dell" failures="0" tests="1" name="campaigns.CeateCampaignwithProductTest" time="42.198" errors="0" timestamp="2023-05-05T14:14:06 IST" skipped="0">
  <testcase classname="campaigns.CeateCampaignwithProductTest" name="CeateCampaignwithProduct" time="42.198"/>
  <system-out/>
</testsuite> <!-- campaigns.CeateCampaignwithProductTest -->
