<?xml version="1.0" encoding="UTF-8"?>
<!-- Generated by org.testng.reporters.JUnitReportReporter -->
<testsuite hostname="Dell" failures="0" tests="3" name="practice.DataproviderEx" time="0.021" errors="0" timestamp="2023-04-13T18:33:21 IST" skipped="0">
  <testcase classname="practice.DataproviderEx" name="Booktickets" time="0.002"/>
  <system-out/>
  <testcase classname="practice.DataproviderEx" name="Booktickets" time="0.002"/>
  <system-out/>
  <testcase classname="practice.DataproviderEx" name="Booktickets" time="0.017"/>
  <system-out/>
</testsuite> <!-- practice.DataproviderEx -->
