<?xml version="1.0" encoding="UTF-8"?>
<!-- Generated by org.testng.reporters.JUnitReportReporter -->
<testsuite hostname="Dell" failures="0" tests="2" name="practice.Sample" time="0.025" errors="0" timestamp="2023-03-23T23:56:27 IST" skipped="0">
  <testcase classname="practice.Sample" name="CreateContact" time="0.023"/>
  <system-out/>
  <testcase classname="practice.Sample" name="modifycontact" time="0.002"/>
  <system-out/>
</testsuite> <!-- practice.Sample -->
